2025-04-07 19:30:37,INFO,mars_base_internal_temperature 10초 평균: 19.12
2025-04-07 19:30:37,INFO,mars_base_external_temperature 10초 평균: 16.04
2025-04-07 19:30:37,INFO,mars_base_internal_humidity 10초 평균: 54.8
2025-04-07 19:30:37,INFO,mars_base_external_illuminance 10초 평균: 580.93
2025-04-07 19:30:37,INFO,mars_base_internal_co2 10초 평균: 0.06
2025-04-07 19:30:37,INFO,mars_base_internal_oxygen 10초 평균: 4.92
2025-04-07 19:30:47,INFO,mars_base_internal_temperature 10초 평균: 25.18
2025-04-07 19:30:47,INFO,mars_base_external_temperature 10초 평균: 14.37
2025-04-07 19:30:47,INFO,mars_base_internal_humidity 10초 평균: 53.47
2025-04-07 19:30:47,INFO,mars_base_external_illuminance 10초 평균: 595.05
2025-04-07 19:30:47,INFO,mars_base_internal_co2 10초 평균: 0.09
2025-04-07 19:30:47,INFO,mars_base_internal_oxygen 10초 평균: 5.21
2025-04-07 19:30:57,INFO,mars_base_internal_temperature 10초 평균: 27.56
2025-04-07 19:30:57,INFO,mars_base_external_temperature 10초 평균: 6.83
2025-04-07 19:30:57,INFO,mars_base_internal_humidity 10초 평균: 55.14
2025-04-07 19:30:57,INFO,mars_base_external_illuminance 10초 평균: 554.81
2025-04-07 19:30:57,INFO,mars_base_internal_co2 10초 평균: 0.05
2025-04-07 19:30:57,INFO,mars_base_internal_oxygen 10초 평균: 5.06
2025-04-07 19:31:17,INFO,mars_base_internal_temperature 10초 평균: 25.22
2025-04-07 19:31:17,INFO,mars_base_external_temperature 10초 평균: 8.84
2025-04-07 19:31:17,INFO,mars_base_internal_humidity 10초 평균: 54.72
2025-04-07 19:31:17,INFO,mars_base_external_illuminance 10초 평균: 671.61
2025-04-07 19:31:17,INFO,mars_base_internal_co2 10초 평균: 0.07
2025-04-07 19:31:17,INFO,mars_base_internal_oxygen 10초 평균: 5.85
2025-04-07 19:31:37,INFO,mars_base_internal_temperature 15초 평균: 21.6
2025-04-07 19:31:37,INFO,mars_base_external_temperature 15초 평균: 8.57
2025-04-07 19:31:37,INFO,mars_base_internal_humidity 15초 평균: 53.18
2025-04-07 19:31:37,INFO,mars_base_external_illuminance 15초 평균: 604.19
2025-04-07 19:31:37,INFO,mars_base_internal_co2 15초 평균: 0.06
2025-04-07 19:31:37,INFO,mars_base_internal_oxygen 15초 평균: 6.28
2025-04-07 19:31:52,INFO,mars_base_internal_temperature 15초 평균: 24.96
2025-04-07 19:31:52,INFO,mars_base_external_temperature 15초 평균: 3.04
2025-04-07 19:31:52,INFO,mars_base_internal_humidity 15초 평균: 52.22
2025-04-07 19:31:52,INFO,mars_base_external_illuminance 15초 평균: 641.51
2025-04-07 19:31:52,INFO,mars_base_internal_co2 15초 평균: 0.05
2025-04-07 19:31:52,INFO,mars_base_internal_oxygen 15초 평균: 5.66
2025-04-07 19:32:07,INFO,mars_base_internal_temperature 15초 평균: 23.72
2025-04-07 19:32:07,INFO,mars_base_external_temperature 15초 평균: 10.41
2025-04-07 19:32:07,INFO,mars_base_internal_humidity 15초 평균: 54.52
2025-04-07 19:32:07,INFO,mars_base_external_illuminance 15초 평균: 581.37
2025-04-07 19:32:07,INFO,mars_base_internal_co2 15초 평균: 0.08
2025-04-07 19:32:07,INFO,mars_base_internal_oxygen 15초 평균: 4.95
